[W 13:07:12.686 NotebookApp] Collisions detected in /home/msivanes/.jupyter/jupyter_notebook_config.py and /home/msivanes/.jupyter/jupyter_notebook_config.json config files. /home/msivanes/.jupyter/jupyter_notebook_config.json has higher priority: {
      "ContentsManager": {
        "pre_save_hook": "<function nbdev_clean_jupyter at 0x7f2275e3f550> ignored, using 'nbdev.clean.clean_jupyter'"
      }
    }
[I 13:07:13.204 NotebookApp] [jupyter_nbextensions_configurator] enabled 0.4.1
[W 2023-04-16 13:07:13.508 LabApp] 'notebook_dir' has moved from NotebookApp to ServerApp. This config will be passed to ServerApp. Be sure to update your config before our next release.
[W 2023-04-16 13:07:13.508 LabApp] 'notebook_dir' has moved from NotebookApp to ServerApp. This config will be passed to ServerApp. Be sure to update your config before our next release.
[I 2023-04-16 13:07:13.514 LabApp] JupyterLab extension loaded from /home/msivanes/miniconda3/envs/fastai/lib/python3.9/site-packages/jupyterlab
[I 2023-04-16 13:07:13.514 LabApp] JupyterLab application directory is /home/msivanes/miniconda3/envs/fastai/share/jupyter/lab
[I 13:07:13.518 NotebookApp] The port 8888 is already in use, trying another port.
[I 13:07:13.518 NotebookApp] The port 8889 is already in use, trying another port.
[I 13:07:13.518 NotebookApp] The port 8890 is already in use, trying another port.
[I 13:07:13.519 NotebookApp] The port 8891 is already in use, trying another port.
[I 13:07:13.519 NotebookApp] The port 8892 is already in use, trying another port.
[I 13:07:13.519 NotebookApp] Serving notebooks from local directory: /home/msivanes/Documents/1Projects/chrestotes/posts
[I 13:07:13.520 NotebookApp] Jupyter Notebook 6.4.4 is running at:
[I 13:07:13.520 NotebookApp] http://localhost:8940/?token=2d0d8f9bcf675f935ce7eae515345d5732234860a2718a0a
[I 13:07:13.520 NotebookApp]  or http://127.0.0.1:8940/?token=2d0d8f9bcf675f935ce7eae515345d5732234860a2718a0a
[I 13:07:13.520 NotebookApp] Use Control-C to stop this server and shut down all kernels (twice to skip confirmation).
[C 13:07:13.557 NotebookApp] 
    
    To access the notebook, open this file in a browser:
        file:///home/msivanes/.local/share/jupyter/runtime/nbserver-382974-open.html
    Or copy and paste one of these URLs:
        http://localhost:8940/?token=2d0d8f9bcf675f935ce7eae515345d5732234860a2718a0a
     or http://127.0.0.1:8940/?token=2d0d8f9bcf675f935ce7eae515345d5732234860a2718a0a
[W 13:07:16.818 NotebookApp] [jupyter_nbextensions_configurator] nbextension 'autoscroll/main' has duplicate listings in both '/home/msivanes/miniconda3/envs/fastai/share/jupyter/nbextensions/autoscroll/autoscroll.yaml' and '/home/msivanes/.local/share/jupyter/nbextensions/autoscroll/autoscroll.yaml'
[W 13:07:16.819 NotebookApp] [jupyter_nbextensions_configurator] nbextension 'codemirror_mode_extensions/main' has duplicate listings in both '/home/msivanes/miniconda3/envs/fastai/share/jupyter/nbextensions/codemirror_mode_extensions/codemirror_mode_extensions.yaml' and '/home/msivanes/.local/share/jupyter/nbextensions/codemirror_mode_extensions/codemirror_mode_extensions.yaml'
[W 13:07:16.820 NotebookApp] [jupyter_nbextensions_configurator] nbextension 'nbTranslate/main' has duplicate listings in both '/home/msivanes/miniconda3/envs/fastai/share/jupyter/nbextensions/nbTranslate/nbTranslate.yaml' and '/home/msivanes/.local/share/jupyter/nbextensions/nbTranslate/nbTranslate.yaml'
[W 13:07:16.821 NotebookApp] [jupyter_nbextensions_configurator] nbextension 'skill/main' has duplicate listings in both '/home/msivanes/miniconda3/envs/fastai/share/jupyter/nbextensions/skill/skill.yaml' and '/home/msivanes/.local/share/jupyter/nbextensions/skill/skill.yaml'
[W 13:07:16.822 NotebookApp] [jupyter_nbextensions_configurator] nbextension 'contrib_nbextensions_help_item/main' has duplicate listings in both '/home/msivanes/miniconda3/envs/fastai/share/jupyter/nbextensions/contrib_nbextensions_help_item/contrib_nbextensions_help_item.yaml' and '/home/msivanes/.local/share/jupyter/nbextensions/contrib_nbextensions_help_item/contrib_nbextensions_help_item.yaml'
[W 13:07:16.823 NotebookApp] [jupyter_nbextensions_configurator] nbextension 'comment-uncomment/main' has duplicate listings in both '/home/msivanes/miniconda3/envs/fastai/share/jupyter/nbextensions/comment-uncomment/comment-uncomment.yaml' and '/home/msivanes/.local/share/jupyter/nbextensions/comment-uncomment/comment-uncomment.yaml'
[W 13:07:16.824 NotebookApp] [jupyter_nbextensions_configurator] nbextension 'execution_dependencies/execution_dependencies' has duplicate listings in both '/home/msivanes/miniconda3/envs/fastai/share/jupyter/nbextensions/execution_dependencies/execution_dependencies.yml' and '/home/msivanes/.local/share/jupyter/nbextensions/execution_dependencies/execution_dependencies.yml'
[W 13:07:16.824 NotebookApp] [jupyter_nbextensions_configurator] nbextension 'datestamper/main' has duplicate listings in both '/home/msivanes/miniconda3/envs/fastai/share/jupyter/nbextensions/datestamper/main.yaml' and '/home/msivanes/.local/share/jupyter/nbextensions/datestamper/main.yaml'
[W 13:07:16.825 NotebookApp] [jupyter_nbextensions_configurator] nbextension 'gist_it/main' has duplicate listings in both '/home/msivanes/miniconda3/envs/fastai/share/jupyter/nbextensions/gist_it/gist_it.yaml' and '/home/msivanes/.local/share/jupyter/nbextensions/gist_it/gist_it.yaml'
[W 13:07:16.826 NotebookApp] [jupyter_nbextensions_configurator] nbextension 'hide_header/main' has duplicate listings in both '/home/msivanes/miniconda3/envs/fastai/share/jupyter/nbextensions/hide_header/hide_header.yaml' and '/home/msivanes/.local/share/jupyter/nbextensions/hide_header/hide_header.yaml'
[W 13:07:16.827 NotebookApp] [jupyter_nbextensions_configurator] nbextension 'toggle_all_line_numbers/main' has duplicate listings in both '/home/msivanes/miniconda3/envs/fastai/share/jupyter/nbextensions/toggle_all_line_numbers/main.yaml' and '/home/msivanes/.local/share/jupyter/nbextensions/toggle_all_line_numbers/main.yaml'
[W 13:07:16.827 NotebookApp] [jupyter_nbextensions_configurator] nbextension 'move_selected_cells/main' has duplicate listings in both '/home/msivanes/miniconda3/envs/fastai/share/jupyter/nbextensions/move_selected_cells/move_selected_cells.yaml' and '/home/msivanes/.local/share/jupyter/nbextensions/move_selected_cells/move_selected_cells.yaml'
[W 13:07:16.828 NotebookApp] [jupyter_nbextensions_configurator] nbextension 'scroll_down/main' has duplicate listings in both '/home/msivanes/miniconda3/envs/fastai/share/jupyter/nbextensions/scroll_down/config.yaml' and '/home/msivanes/.local/share/jupyter/nbextensions/scroll_down/config.yaml'
[W 13:07:16.828 NotebookApp] [jupyter_nbextensions_configurator] nbextension 'limit_output/main' has duplicate listings in both '/home/msivanes/miniconda3/envs/fastai/share/jupyter/nbextensions/limit_output/limit-output.yaml' and '/home/msivanes/.local/share/jupyter/nbextensions/limit_output/limit-output.yaml'
[W 13:07:16.829 NotebookApp] [jupyter_nbextensions_configurator] nbextension 'navigation-hotkeys/main' has duplicate listings in both '/home/msivanes/miniconda3/envs/fastai/share/jupyter/nbextensions/navigation-hotkeys/hotkeys.yaml' and '/home/msivanes/.local/share/jupyter/nbextensions/navigation-hotkeys/hotkeys.yaml'
[W 13:07:16.830 NotebookApp] [jupyter_nbextensions_configurator] nbextension 'runtools/main' has duplicate listings in both '/home/msivanes/miniconda3/envs/fastai/share/jupyter/nbextensions/runtools/runtools.yaml' and '/home/msivanes/.local/share/jupyter/nbextensions/runtools/runtools.yaml'
[W 13:07:16.831 NotebookApp] [jupyter_nbextensions_configurator] nbextension 'exercise/main' has duplicate listings in both '/home/msivanes/miniconda3/envs/fastai/share/jupyter/nbextensions/exercise/exercise.yaml' and '/home/msivanes/.local/share/jupyter/nbextensions/exercise/exercise.yaml'
[W 13:07:16.832 NotebookApp] [jupyter_nbextensions_configurator] nbextension 'exercise2/main' has duplicate listings in both '/home/msivanes/miniconda3/envs/fastai/share/jupyter/nbextensions/exercise2/exercise2.yaml' and '/home/msivanes/.local/share/jupyter/nbextensions/exercise2/exercise2.yaml'
[W 13:07:16.834 NotebookApp] [jupyter_nbextensions_configurator] nbextension 'toc2/main' has duplicate listings in both '/home/msivanes/miniconda3/envs/fastai/share/jupyter/nbextensions/toc2/toc2.yaml' and '/home/msivanes/.local/share/jupyter/nbextensions/toc2/toc2.yaml'
[W 13:07:16.834 NotebookApp] [jupyter_nbextensions_configurator] nbextension 'hide_input_all/main' has duplicate listings in both '/home/msivanes/miniconda3/envs/fastai/share/jupyter/nbextensions/hide_input_all/hide_input_all.yaml' and '/home/msivanes/.local/share/jupyter/nbextensions/hide_input_all/hide_input_all.yaml'
[W 13:07:16.835 NotebookApp] [jupyter_nbextensions_configurator] nbextension 'tree-filter/index' has duplicate listings in both '/home/msivanes/miniconda3/envs/fastai/share/jupyter/nbextensions/tree-filter/tree-filter.yaml' and '/home/msivanes/.local/share/jupyter/nbextensions/tree-filter/tree-filter.yaml'
[W 13:07:16.835 NotebookApp] [jupyter_nbextensions_configurator] nbextension 'help_panel/help_panel' has duplicate listings in both '/home/msivanes/miniconda3/envs/fastai/share/jupyter/nbextensions/help_panel/help_panel.yaml' and '/home/msivanes/.local/share/jupyter/nbextensions/help_panel/help_panel.yaml'
[W 13:07:16.836 NotebookApp] [jupyter_nbextensions_configurator] nbextension 'freeze/main' has duplicate listings in both '/home/msivanes/miniconda3/envs/fastai/share/jupyter/nbextensions/freeze/config.yaml' and '/home/msivanes/.local/share/jupyter/nbextensions/freeze/config.yaml'
[W 13:07:16.837 NotebookApp] [jupyter_nbextensions_configurator] nbextension 'autosavetime/main' has duplicate listings in both '/home/msivanes/miniconda3/envs/fastai/share/jupyter/nbextensions/autosavetime/autosavetime.yaml' and '/home/msivanes/.local/share/jupyter/nbextensions/autosavetime/autosavetime.yaml'
[W 13:07:16.837 NotebookApp] [jupyter_nbextensions_configurator] nbextension 'load_tex_macros/main' has duplicate listings in both '/home/msivanes/miniconda3/envs/fastai/share/jupyter/nbextensions/load_tex_macros/load_tex_macros.yaml' and '/home/msivanes/.local/share/jupyter/nbextensions/load_tex_macros/load_tex_macros.yaml'
[W 13:07:16.838 NotebookApp] [jupyter_nbextensions_configurator] nbextension 'highlighter/highlighter' has duplicate listings in both '/home/msivanes/miniconda3/envs/fastai/share/jupyter/nbextensions/highlighter/highlighter.yaml' and '/home/msivanes/.local/share/jupyter/nbextensions/highlighter/highlighter.yaml'
[W 13:07:16.839 NotebookApp] [jupyter_nbextensions_configurator] nbextension 'spellchecker/main' has duplicate listings in both '/home/msivanes/miniconda3/envs/fastai/share/jupyter/nbextensions/spellchecker/config.yaml' and '/home/msivanes/.local/share/jupyter/nbextensions/spellchecker/config.yaml'
[W 13:07:16.840 NotebookApp] [jupyter_nbextensions_configurator] nbextension 'rubberband/main' has duplicate listings in both '/home/msivanes/miniconda3/envs/fastai/share/jupyter/nbextensions/rubberband/rubberband.yaml' and '/home/msivanes/.local/share/jupyter/nbextensions/rubberband/rubberband.yaml'
[W 13:07:16.841 NotebookApp] [jupyter_nbextensions_configurator] nbextension 'snippets_menu/main' has duplicate listings in both '/home/msivanes/miniconda3/envs/fastai/share/jupyter/nbextensions/snippets_menu/config.yaml' and '/home/msivanes/.local/share/jupyter/nbextensions/snippets_menu/config.yaml'
[W 13:07:16.842 NotebookApp] [jupyter_nbextensions_configurator] nbextension 'varInspector/main' has duplicate listings in both '/home/msivanes/miniconda3/envs/fastai/share/jupyter/nbextensions/varInspector/varInspector.yaml' and '/home/msivanes/.local/share/jupyter/nbextensions/varInspector/varInspector.yaml'
[W 13:07:16.843 NotebookApp] [jupyter_nbextensions_configurator] nbextension 'addbefore/main' has duplicate listings in both '/home/msivanes/miniconda3/envs/fastai/share/jupyter/nbextensions/addbefore/addbefore.yaml' and '/home/msivanes/.local/share/jupyter/nbextensions/addbefore/addbefore.yaml'
[W 13:07:16.843 NotebookApp] [jupyter_nbextensions_configurator] nbextension 'qtconsole/qtconsole' has duplicate listings in both '/home/msivanes/miniconda3/envs/fastai/share/jupyter/nbextensions/qtconsole/qtconsole.yaml' and '/home/msivanes/.local/share/jupyter/nbextensions/qtconsole/qtconsole.yaml'
[W 13:07:16.844 NotebookApp] [jupyter_nbextensions_configurator] nbextension 'scratchpad/main' has duplicate listings in both '/home/msivanes/miniconda3/envs/fastai/share/jupyter/nbextensions/scratchpad/scratchpad.yaml' and '/home/msivanes/.local/share/jupyter/nbextensions/scratchpad/scratchpad.yaml'
[W 13:07:16.845 NotebookApp] [jupyter_nbextensions_configurator] nbextension 'livemdpreview/livemdpreview' has duplicate listings in both '/home/msivanes/miniconda3/envs/fastai/share/jupyter/nbextensions/livemdpreview/livemdpreview.yml' and '/home/msivanes/.local/share/jupyter/nbextensions/livemdpreview/livemdpreview.yml'
[W 13:07:16.845 NotebookApp] [jupyter_nbextensions_configurator] nbextension 'zenmode/main' has duplicate listings in both '/home/msivanes/miniconda3/envs/fastai/share/jupyter/nbextensions/zenmode/zenmode.yaml' and '/home/msivanes/.local/share/jupyter/nbextensions/zenmode/zenmode.yaml'
[W 13:07:16.848 NotebookApp] [jupyter_nbextensions_configurator] nbextension 'collapsible_headings/main' has duplicate listings in both '/home/msivanes/miniconda3/envs/fastai/share/jupyter/nbextensions/collapsible_headings/collapsible_headings.yaml' and '/home/msivanes/.local/share/jupyter/nbextensions/collapsible_headings/collapsible_headings.yaml'
[W 13:07:16.848 NotebookApp] [jupyter_nbextensions_configurator] nbextension 'ruler/edit' has duplicate listings in both '/home/msivanes/miniconda3/envs/fastai/share/jupyter/nbextensions/ruler/ruler_editor.yaml' and '/home/msivanes/.local/share/jupyter/nbextensions/ruler/ruler_editor.yaml'
[W 13:07:16.849 NotebookApp] [jupyter_nbextensions_configurator] nbextension 'ruler/main' has duplicate listings in both '/home/msivanes/miniconda3/envs/fastai/share/jupyter/nbextensions/ruler/ruler.yaml' and '/home/msivanes/.local/share/jupyter/nbextensions/ruler/ruler.yaml'
[W 13:07:16.850 NotebookApp] [jupyter_nbextensions_configurator] nbextension 'keyboard_shortcut_editor/main' has duplicate listings in both '/home/msivanes/miniconda3/envs/fastai/share/jupyter/nbextensions/keyboard_shortcut_editor/keyboard_shortcut_editor.yaml' and '/home/msivanes/.local/share/jupyter/nbextensions/keyboard_shortcut_editor/keyboard_shortcut_editor.yaml'
[W 13:07:16.850 NotebookApp] [jupyter_nbextensions_configurator] nbextension 'export_embedded/main' has duplicate listings in both '/home/msivanes/miniconda3/envs/fastai/share/jupyter/nbextensions/export_embedded/export_embedded.yaml' and '/home/msivanes/.local/share/jupyter/nbextensions/export_embedded/export_embedded.yaml'
[W 13:07:16.851 NotebookApp] [jupyter_nbextensions_configurator] nbextension 'splitcell/splitcell' has duplicate listings in both '/home/msivanes/miniconda3/envs/fastai/share/jupyter/nbextensions/splitcell/splitcell.yaml' and '/home/msivanes/.local/share/jupyter/nbextensions/splitcell/splitcell.yaml'
[W 13:07:16.851 NotebookApp] [jupyter_nbextensions_configurator] nbextension 'notify/notify' has duplicate listings in both '/home/msivanes/miniconda3/envs/fastai/share/jupyter/nbextensions/notify/notify.yaml' and '/home/msivanes/.local/share/jupyter/nbextensions/notify/notify.yaml'
[W 13:07:16.852 NotebookApp] [jupyter_nbextensions_configurator] nbextension 'printview/main' has duplicate listings in both '/home/msivanes/miniconda3/envs/fastai/share/jupyter/nbextensions/printview/printview.yaml' and '/home/msivanes/.local/share/jupyter/nbextensions/printview/printview.yaml'
[W 13:07:16.852 NotebookApp] [jupyter_nbextensions_configurator] nbextension 'select_keymap/main' has duplicate listings in both '/home/msivanes/miniconda3/envs/fastai/share/jupyter/nbextensions/select_keymap/select_keymap.yaml' and '/home/msivanes/.local/share/jupyter/nbextensions/select_keymap/select_keymap.yaml'
[W 13:07:16.853 NotebookApp] [jupyter_nbextensions_configurator] nbextension 'code_prettify/code_prettify' has duplicate listings in both '/home/msivanes/miniconda3/envs/fastai/share/jupyter/nbextensions/code_prettify/code_prettify.yaml' and '/home/msivanes/.local/share/jupyter/nbextensions/code_prettify/code_prettify.yaml'
[W 13:07:16.854 NotebookApp] [jupyter_nbextensions_configurator] nbextension 'code_prettify/isort' has duplicate listings in both '/home/msivanes/miniconda3/envs/fastai/share/jupyter/nbextensions/code_prettify/isort.yaml' and '/home/msivanes/.local/share/jupyter/nbextensions/code_prettify/isort.yaml'
[W 13:07:16.854 NotebookApp] [jupyter_nbextensions_configurator] nbextension 'code_prettify/autopep8' has duplicate listings in both '/home/msivanes/miniconda3/envs/fastai/share/jupyter/nbextensions/code_prettify/autopep8.yaml' and '/home/msivanes/.local/share/jupyter/nbextensions/code_prettify/autopep8.yaml'
[W 13:07:16.855 NotebookApp] [jupyter_nbextensions_configurator] nbextension 'code_prettify/2to3' has duplicate listings in both '/home/msivanes/miniconda3/envs/fastai/share/jupyter/nbextensions/code_prettify/2to3.yaml' and '/home/msivanes/.local/share/jupyter/nbextensions/code_prettify/2to3.yaml'
[W 13:07:16.857 NotebookApp] [jupyter_nbextensions_configurator] nbextension 'execute_time/ExecuteTime' has duplicate listings in both '/home/msivanes/miniconda3/envs/fastai/share/jupyter/nbextensions/execute_time/ExecuteTime.yaml' and '/home/msivanes/.local/share/jupyter/nbextensions/execute_time/ExecuteTime.yaml'
[W 13:07:16.858 NotebookApp] [jupyter_nbextensions_configurator] nbextension 'latex_envs/latex_envs' has duplicate listings in both '/home/msivanes/miniconda3/envs/fastai/share/jupyter/nbextensions/latex_envs/latex_envs.yaml' and '/home/msivanes/.local/share/jupyter/nbextensions/latex_envs/latex_envs.yaml'
[W 13:07:16.859 NotebookApp] [jupyter_nbextensions_configurator] nbextension 'equation-numbering/main' has duplicate listings in both '/home/msivanes/miniconda3/envs/fastai/share/jupyter/nbextensions/equation-numbering/info.yaml' and '/home/msivanes/.local/share/jupyter/nbextensions/equation-numbering/info.yaml'
[W 13:07:16.860 NotebookApp] [jupyter_nbextensions_configurator] nbextension 'codefolding/main' has duplicate listings in both '/home/msivanes/miniconda3/envs/fastai/share/jupyter/nbextensions/codefolding/codefolding.yaml' and '/home/msivanes/.local/share/jupyter/nbextensions/codefolding/codefolding.yaml'
[W 13:07:16.860 NotebookApp] [jupyter_nbextensions_configurator] nbextension 'codefolding/edit' has duplicate listings in both '/home/msivanes/miniconda3/envs/fastai/share/jupyter/nbextensions/codefolding/codefolding_editor.yaml' and '/home/msivanes/.local/share/jupyter/nbextensions/codefolding/codefolding_editor.yaml'
[W 13:07:16.861 NotebookApp] [jupyter_nbextensions_configurator] nbextension 'code_font_size/code_font_size' has duplicate listings in both '/home/msivanes/miniconda3/envs/fastai/share/jupyter/nbextensions/code_font_size/code_font_size.yaml' and '/home/msivanes/.local/share/jupyter/nbextensions/code_font_size/code_font_size.yaml'
[W 13:07:16.861 NotebookApp] [jupyter_nbextensions_configurator] nbextension 'table_beautifier/main' has duplicate listings in both '/home/msivanes/miniconda3/envs/fastai/share/jupyter/nbextensions/table_beautifier/table_beautifier.yaml' and '/home/msivanes/.local/share/jupyter/nbextensions/table_beautifier/table_beautifier.yaml'
[W 13:07:16.862 NotebookApp] [jupyter_nbextensions_configurator] nbextension 'hide_input/main' has duplicate listings in both '/home/msivanes/miniconda3/envs/fastai/share/jupyter/nbextensions/hide_input/hide-input.yaml' and '/home/msivanes/.local/share/jupyter/nbextensions/hide_input/hide-input.yaml'
[W 13:07:16.862 NotebookApp] [jupyter_nbextensions_configurator] nbextension 'python-markdown/main' has duplicate listings in both '/home/msivanes/miniconda3/envs/fastai/share/jupyter/nbextensions/python-markdown/python-markdown.yaml' and '/home/msivanes/.local/share/jupyter/nbextensions/python-markdown/python-markdown.yaml'
[W 13:07:16.863 NotebookApp] [jupyter_nbextensions_configurator] nbextension 'init_cell/main' has duplicate listings in both '/home/msivanes/miniconda3/envs/fastai/share/jupyter/nbextensions/init_cell/init_cell.yaml' and '/home/msivanes/.local/share/jupyter/nbextensions/init_cell/init_cell.yaml'
[W 13:07:16.863 NotebookApp] [jupyter_nbextensions_configurator] nbextension 'snippets/main' has duplicate listings in both '/home/msivanes/miniconda3/envs/fastai/share/jupyter/nbextensions/snippets/snippets.yaml' and '/home/msivanes/.local/share/jupyter/nbextensions/snippets/snippets.yaml'
[W 13:07:16.865 NotebookApp] [jupyter_nbextensions_configurator] nbextension 'highlight_selected_word/main' has duplicate listings in both '/home/msivanes/miniconda3/envs/fastai/share/jupyter/nbextensions/highlight_selected_word/configurator.yaml' and '/home/msivanes/.local/share/jupyter/nbextensions/highlight_selected_word/configurator.yaml'
[W 13:07:16.865 NotebookApp] [jupyter_nbextensions_configurator] nbextension 'skip-traceback/main' has duplicate listings in both '/home/msivanes/miniconda3/envs/fastai/share/jupyter/nbextensions/skip-traceback/skip-traceback.yaml' and '/home/msivanes/.local/share/jupyter/nbextensions/skip-traceback/skip-traceback.yaml'
[W 13:07:16.866 NotebookApp] [jupyter_nbextensions_configurator] nbextension 'cell_filter/cell_filter' has duplicate listings in both '/home/msivanes/miniconda3/envs/fastai/share/jupyter/nbextensions/cell_filter/cell_filter.yml' and '/home/msivanes/.local/share/jupyter/nbextensions/cell_filter/cell_filter.yml'
[W 13:07:16.867 NotebookApp] [jupyter_nbextensions_configurator] nbextension 'hinterland/hinterland' has duplicate listings in both '/home/msivanes/miniconda3/envs/fastai/share/jupyter/nbextensions/hinterland/hinterland.yaml' and '/home/msivanes/.local/share/jupyter/nbextensions/hinterland/hinterland.yaml'
[W 13:07:19.223 NotebookApp] Config option `template_path` not recognized by `ExporterCollapsibleHeadings`.  Did you mean one of: `extra_template_paths, template_name, template_paths`?
[W 13:07:19.231 NotebookApp] Config option `template_path` not recognized by `ExporterCollapsibleHeadings`.  Did you mean one of: `extra_template_paths, template_name, template_paths`?
[W 13:07:19.291 NotebookApp] Config option `template_path` not recognized by `TocExporter`.  Did you mean one of: `extra_template_paths, template_name, template_paths`?
[W 13:07:19.296 NotebookApp] Config option `template_path` not recognized by `TocExporter`.  Did you mean one of: `extra_template_paths, template_name, template_paths`?
[W 13:07:19.313 NotebookApp] Config option `template_path` not recognized by `LenvsHTMLExporter`.  Did you mean one of: `extra_template_paths, template_name, template_paths`?
[W 13:07:19.322 NotebookApp] Config option `template_path` not recognized by `LenvsHTMLExporter`.  Did you mean one of: `extra_template_paths, template_name, template_paths`?
[W 13:07:19.339 NotebookApp] Config option `template_path` not recognized by `LenvsTocHTMLExporter`.  Did you mean one of: `extra_template_paths, template_name, template_paths`?
[W 13:07:19.349 NotebookApp] Config option `template_path` not recognized by `LenvsTocHTMLExporter`.  Did you mean one of: `extra_template_paths, template_name, template_paths`?
[W 13:07:19.393 NotebookApp] Config option `template_path` not recognized by `LenvsLatexExporter`.  Did you mean one of: `extra_template_paths, template_name, template_paths`?
[W 13:07:19.397 NotebookApp] Config option `template_path` not recognized by `LenvsLatexExporter`.  Did you mean one of: `extra_template_paths, template_name, template_paths`?
[W 13:07:19.595 NotebookApp] Config option `template_path` not recognized by `LenvsSlidesExporter`.  Did you mean one of: `extra_template_paths, template_name, template_paths`?
[W 13:07:19.600 NotebookApp] Config option `template_path` not recognized by `LenvsSlidesExporter`.  Did you mean one of: `extra_template_paths, template_name, template_paths`?
[W 13:07:19.707 NotebookApp] Config option `template_path` not recognized by `ExporterCollapsibleHeadings`.  Did you mean one of: `extra_template_paths, template_name, template_paths`?
[W 13:07:19.713 NotebookApp] Config option `template_path` not recognized by `ExporterCollapsibleHeadings`.  Did you mean one of: `extra_template_paths, template_name, template_paths`?
[W 13:07:19.759 NotebookApp] Config option `template_path` not recognized by `TocExporter`.  Did you mean one of: `extra_template_paths, template_name, template_paths`?
[W 13:07:19.765 NotebookApp] Config option `template_path` not recognized by `TocExporter`.  Did you mean one of: `extra_template_paths, template_name, template_paths`?
[W 13:07:19.778 NotebookApp] Config option `template_path` not recognized by `LenvsHTMLExporter`.  Did you mean one of: `extra_template_paths, template_name, template_paths`?
[W 13:07:19.786 NotebookApp] Config option `template_path` not recognized by `LenvsHTMLExporter`.  Did you mean one of: `extra_template_paths, template_name, template_paths`?
[W 13:07:19.802 NotebookApp] Config option `template_path` not recognized by `LenvsTocHTMLExporter`.  Did you mean one of: `extra_template_paths, template_name, template_paths`?
[W 13:07:19.811 NotebookApp] Config option `template_path` not recognized by `LenvsTocHTMLExporter`.  Did you mean one of: `extra_template_paths, template_name, template_paths`?
[W 13:07:19.848 NotebookApp] Config option `template_path` not recognized by `LenvsLatexExporter`.  Did you mean one of: `extra_template_paths, template_name, template_paths`?
[W 13:07:19.853 NotebookApp] Config option `template_path` not recognized by `LenvsLatexExporter`.  Did you mean one of: `extra_template_paths, template_name, template_paths`?
[W 13:07:20.048 NotebookApp] Config option `template_path` not recognized by `LenvsSlidesExporter`.  Did you mean one of: `extra_template_paths, template_name, template_paths`?
[W 13:07:20.055 NotebookApp] Config option `template_path` not recognized by `LenvsSlidesExporter`.  Did you mean one of: `extra_template_paths, template_name, template_paths`?
[W 13:07:20.958 NotebookApp] Notebook 02_vaccination_tweets_sp.ipynb is not trusted
[W 13:07:21.034 NotebookApp] 404 GET /nbextensions/pydeck/extension.js?v=20230416130713 (::1) 11.810000ms referer=http://localhost:8940/notebooks/02_vaccination_tweets_sp.ipynb
[I 13:07:22.387 NotebookApp] Kernel started: b8364e8a-91e6-4370-880c-466235e1caa3, name: python3
[W 13:07:22.588 NotebookApp] 404 GET /nbextensions/widgets/notebook/js/extension.js?v=20230416130713 (::1) 3.510000ms referer=http://localhost:8940/notebooks/02_vaccination_tweets_sp.ipynb
[I 13:07:39.003 NotebookApp] Starting buffering for b8364e8a-91e6-4370-880c-466235e1caa3:7be49e9c31ab4bb282ee6391c40a47cd
[W 13:12:58.010 NotebookApp] Config option `template_path` not recognized by `ExporterCollapsibleHeadings`.  Did you mean one of: `extra_template_paths, template_name, template_paths`?
[W 13:12:58.017 NotebookApp] Config option `template_path` not recognized by `ExporterCollapsibleHeadings`.  Did you mean one of: `extra_template_paths, template_name, template_paths`?
[W 13:12:58.081 NotebookApp] Config option `template_path` not recognized by `TocExporter`.  Did you mean one of: `extra_template_paths, template_name, template_paths`?
[W 13:12:58.087 NotebookApp] Config option `template_path` not recognized by `TocExporter`.  Did you mean one of: `extra_template_paths, template_name, template_paths`?
[W 13:12:58.106 NotebookApp] Config option `template_path` not recognized by `LenvsHTMLExporter`.  Did you mean one of: `extra_template_paths, template_name, template_paths`?
[W 13:12:58.115 NotebookApp] Config option `template_path` not recognized by `LenvsHTMLExporter`.  Did you mean one of: `extra_template_paths, template_name, template_paths`?
[W 13:12:58.136 NotebookApp] Config option `template_path` not recognized by `LenvsTocHTMLExporter`.  Did you mean one of: `extra_template_paths, template_name, template_paths`?
[W 13:12:58.146 NotebookApp] Config option `template_path` not recognized by `LenvsTocHTMLExporter`.  Did you mean one of: `extra_template_paths, template_name, template_paths`?
[W 13:12:58.189 NotebookApp] Config option `template_path` not recognized by `LenvsLatexExporter`.  Did you mean one of: `extra_template_paths, template_name, template_paths`?
[W 13:12:58.194 NotebookApp] Config option `template_path` not recognized by `LenvsLatexExporter`.  Did you mean one of: `extra_template_paths, template_name, template_paths`?
[W 13:12:58.401 NotebookApp] Config option `template_path` not recognized by `LenvsSlidesExporter`.  Did you mean one of: `extra_template_paths, template_name, template_paths`?
[W 13:12:58.407 NotebookApp] Config option `template_path` not recognized by `LenvsSlidesExporter`.  Did you mean one of: `extra_template_paths, template_name, template_paths`?
[W 13:12:58.529 NotebookApp] Config option `template_path` not recognized by `ExporterCollapsibleHeadings`.  Did you mean one of: `extra_template_paths, template_name, template_paths`?
[W 13:12:58.535 NotebookApp] Config option `template_path` not recognized by `ExporterCollapsibleHeadings`.  Did you mean one of: `extra_template_paths, template_name, template_paths`?
[W 13:12:58.585 NotebookApp] Config option `template_path` not recognized by `TocExporter`.  Did you mean one of: `extra_template_paths, template_name, template_paths`?
[W 13:12:58.589 NotebookApp] Config option `template_path` not recognized by `TocExporter`.  Did you mean one of: `extra_template_paths, template_name, template_paths`?
[W 13:12:58.603 NotebookApp] Config option `template_path` not recognized by `LenvsHTMLExporter`.  Did you mean one of: `extra_template_paths, template_name, template_paths`?
[W 13:12:58.612 NotebookApp] Config option `template_path` not recognized by `LenvsHTMLExporter`.  Did you mean one of: `extra_template_paths, template_name, template_paths`?
[W 13:12:58.629 NotebookApp] Config option `template_path` not recognized by `LenvsTocHTMLExporter`.  Did you mean one of: `extra_template_paths, template_name, template_paths`?
[W 13:12:58.637 NotebookApp] Config option `template_path` not recognized by `LenvsTocHTMLExporter`.  Did you mean one of: `extra_template_paths, template_name, template_paths`?
[W 13:12:58.679 NotebookApp] Config option `template_path` not recognized by `LenvsLatexExporter`.  Did you mean one of: `extra_template_paths, template_name, template_paths`?
[W 13:12:58.684 NotebookApp] Config option `template_path` not recognized by `LenvsLatexExporter`.  Did you mean one of: `extra_template_paths, template_name, template_paths`?
[W 13:12:58.879 NotebookApp] Config option `template_path` not recognized by `LenvsSlidesExporter`.  Did you mean one of: `extra_template_paths, template_name, template_paths`?
[W 13:12:58.884 NotebookApp] Config option `template_path` not recognized by `LenvsSlidesExporter`.  Did you mean one of: `extra_template_paths, template_name, template_paths`?
[W 13:12:59.728 NotebookApp] Notebook 2020-09-20-intent-detection.ipynb is not trusted
[W 13:12:59.778 NotebookApp] 404 GET /nbextensions/pydeck/extension.js?v=20230416130713 (::1) 2.870000ms referer=http://localhost:8940/notebooks/2020-09-20-intent-detection.ipynb
[I 13:13:00.656 NotebookApp] 302 GET /notebooks/images/intent-types.png (::1) 1.440000ms
[I 13:13:00.659 NotebookApp] 302 GET /notebooks/images/ecommerce-search-examples.png (::1) 1.450000ms
[I 13:13:00.660 NotebookApp] 302 GET /notebooks/images/Illustration-of-Taxonomy-of-E-Com-Queries.png (::1) 1.390000ms
[I 13:13:00.670 NotebookApp] 302 GET /notebooks/images/tf-idf-example.png (::1) 2.960000ms
[I 13:13:00.671 NotebookApp] 302 GET /notebooks/images/confusion-matrix.png (::1) 2.710000ms
[I 13:13:00.674 NotebookApp] 302 GET /notebooks/images/openshift-build-deploy.png (::1) 1.610000ms
[I 13:13:00.781 NotebookApp] 302 GET /notebooks/images/intent-customer-portal.png (::1) 1.730000ms
[W 13:13:01.279 NotebookApp] 404 GET /nbextensions/widgets/notebook/js/extension.js?v=20230416130713 (::1) 2.560000ms referer=http://localhost:8940/notebooks/2020-09-20-intent-detection.ipynb
[I 13:17:00.614 NotebookApp] Saving file at /2020-09-20-intent-detection.ipynb
[I 13:17:15.272 NotebookApp] Saving file at /2020-09-20-intent-detection.ipynb
[W 14:22:06.314 NotebookApp] Config option `template_path` not recognized by `ExporterCollapsibleHeadings`.  Did you mean one of: `extra_template_paths, template_name, template_paths`?
[W 14:22:06.321 NotebookApp] Config option `template_path` not recognized by `ExporterCollapsibleHeadings`.  Did you mean one of: `extra_template_paths, template_name, template_paths`?
[W 14:22:06.371 NotebookApp] Config option `template_path` not recognized by `TocExporter`.  Did you mean one of: `extra_template_paths, template_name, template_paths`?
[W 14:22:06.375 NotebookApp] Config option `template_path` not recognized by `TocExporter`.  Did you mean one of: `extra_template_paths, template_name, template_paths`?
[W 14:22:06.387 NotebookApp] Config option `template_path` not recognized by `LenvsHTMLExporter`.  Did you mean one of: `extra_template_paths, template_name, template_paths`?
[W 14:22:06.397 NotebookApp] Config option `template_path` not recognized by `LenvsHTMLExporter`.  Did you mean one of: `extra_template_paths, template_name, template_paths`?
[W 14:22:06.414 NotebookApp] Config option `template_path` not recognized by `LenvsTocHTMLExporter`.  Did you mean one of: `extra_template_paths, template_name, template_paths`?
[W 14:22:06.423 NotebookApp] Config option `template_path` not recognized by `LenvsTocHTMLExporter`.  Did you mean one of: `extra_template_paths, template_name, template_paths`?
[W 14:22:06.462 NotebookApp] Config option `template_path` not recognized by `LenvsLatexExporter`.  Did you mean one of: `extra_template_paths, template_name, template_paths`?
[W 14:22:06.467 NotebookApp] Config option `template_path` not recognized by `LenvsLatexExporter`.  Did you mean one of: `extra_template_paths, template_name, template_paths`?
[W 14:22:06.656 NotebookApp] Config option `template_path` not recognized by `LenvsSlidesExporter`.  Did you mean one of: `extra_template_paths, template_name, template_paths`?
[W 14:22:06.661 NotebookApp] Config option `template_path` not recognized by `LenvsSlidesExporter`.  Did you mean one of: `extra_template_paths, template_name, template_paths`?
[W 14:22:06.771 NotebookApp] Config option `template_path` not recognized by `ExporterCollapsibleHeadings`.  Did you mean one of: `extra_template_paths, template_name, template_paths`?
[W 14:22:06.778 NotebookApp] Config option `template_path` not recognized by `ExporterCollapsibleHeadings`.  Did you mean one of: `extra_template_paths, template_name, template_paths`?
[W 14:22:06.825 NotebookApp] Config option `template_path` not recognized by `TocExporter`.  Did you mean one of: `extra_template_paths, template_name, template_paths`?
[W 14:22:06.830 NotebookApp] Config option `template_path` not recognized by `TocExporter`.  Did you mean one of: `extra_template_paths, template_name, template_paths`?
[W 14:22:06.844 NotebookApp] Config option `template_path` not recognized by `LenvsHTMLExporter`.  Did you mean one of: `extra_template_paths, template_name, template_paths`?
[W 14:22:06.853 NotebookApp] Config option `template_path` not recognized by `LenvsHTMLExporter`.  Did you mean one of: `extra_template_paths, template_name, template_paths`?
[W 14:22:06.869 NotebookApp] Config option `template_path` not recognized by `LenvsTocHTMLExporter`.  Did you mean one of: `extra_template_paths, template_name, template_paths`?
[W 14:22:06.878 NotebookApp] Config option `template_path` not recognized by `LenvsTocHTMLExporter`.  Did you mean one of: `extra_template_paths, template_name, template_paths`?
[W 14:22:06.916 NotebookApp] Config option `template_path` not recognized by `LenvsLatexExporter`.  Did you mean one of: `extra_template_paths, template_name, template_paths`?
[W 14:22:06.920 NotebookApp] Config option `template_path` not recognized by `LenvsLatexExporter`.  Did you mean one of: `extra_template_paths, template_name, template_paths`?
[W 14:22:07.103 NotebookApp] Config option `template_path` not recognized by `LenvsSlidesExporter`.  Did you mean one of: `extra_template_paths, template_name, template_paths`?
[W 14:22:07.109 NotebookApp] Config option `template_path` not recognized by `LenvsSlidesExporter`.  Did you mean one of: `extra_template_paths, template_name, template_paths`?
[W 14:22:07.991 NotebookApp] 404 GET /nbextensions/pydeck/extension.js?v=20230416130713 (::1) 2.380000ms referer=http://localhost:8940/notebooks/2020-09-20-intent-detection.ipynb
[I 14:22:08.791 NotebookApp] 302 GET /notebooks/images/intent-types.png (::1) 1.440000ms
[I 14:22:08.795 NotebookApp] 302 GET /notebooks/images/ecommerce-search-examples.png (::1) 2.640000ms
[I 14:22:08.796 NotebookApp] 302 GET /notebooks/images/Illustration-of-Taxonomy-of-E-Com-Queries.png (::1) 2.880000ms
[I 14:22:08.801 NotebookApp] 302 GET /notebooks/images/tf-idf-example.png (::1) 1.490000ms
[I 14:22:08.804 NotebookApp] 302 GET /notebooks/images/openshift-build-deploy.png (::1) 1.540000ms
[I 14:22:08.805 NotebookApp] 302 GET /notebooks/images/confusion-matrix.png (::1) 1.400000ms
[I 14:22:09.175 NotebookApp] 302 GET /notebooks/images/intent-customer-portal.png (::1) 2.040000ms
[W 14:22:09.336 NotebookApp] 404 GET /nbextensions/widgets/notebook/js/extension.js?v=20230416130713 (::1) 1.360000ms referer=http://localhost:8940/notebooks/2020-09-20-intent-detection.ipynb
